2025-02-26 18:01:58,699 INFO 23024 [egg:logger] init all loggers with options: {"dir":"E:\\cursor\\clanderLzk\\backend\\logs\\calendar-server","encoding":"utf8","env":"local","level":"INFO","consoleLevel":"INFO","disableConsoleAfterReady":false,"outputJSON":false,"buffer":true,"appLogName":"calendar-server-web.log","coreLogName":"egg-web.log","agentLogName":"egg-agent.log","errorLogName":"common-error.log","coreLogger":{"consoleLevel":"WARN"},"allowDebugAtProd":false,"enablePerformanceTimer":false,"enableFastContextLogger":false,"type":"application","localStorage":{"enabled":false}}
2025-02-26 18:01:58,700 INFO 23024 [egg-multipart] stream mode enable
2025-02-26 18:01:58,731 INFO 23024 [egg-mysql] connecting root@localhost:3306/calendar
2025-02-26 18:01:58,891 INFO 23024 [egg-static] starting static serve /public/ -> E:\cursor\clanderLzk\backend\app\public
2025-02-26 18:01:58,894 INFO 23024 [egg-security] use methodnoallow middleware
2025-02-26 18:01:58,895 INFO 23024 [egg-security] use noopen middleware
2025-02-26 18:01:58,896 INFO 23024 [egg-security] use nosniff middleware
2025-02-26 18:01:58,897 INFO 23024 [egg-security] use xssProtection middleware
2025-02-26 18:01:58,897 INFO 23024 [egg-security] use xframe middleware
2025-02-26 18:01:58,898 INFO 23024 [egg-security] use dta middleware
2025-02-26 18:01:58,898 INFO 23024 [egg-security] compose 6 middlewares into one security middleware
2025-02-26 18:01:58,907 INFO 23024 [egg:core] dump config after load, 4ms
2025-02-26 18:01:58,934 INFO 23024 [egg-watcher:application] watcher start success
2025-02-26 18:01:58,937 INFO 23024 [egg-mysql] instance[0] status OK, rds currentTime: Wed Feb 26 2025 18:01:58 GMT+0800 (中国标准时间)
2025-02-26 18:01:58,975 INFO 23024 egg start timeline:
▇▇▇▇▇▇▇▇▇▇▇▇▇▇▇▇▇▇▇▇▇▇▇▇▇▇▇▇▇▇▇▇▇ [1083ms] - #0 Process Start
                                  ▇▇▇▇▇▇▇▇▇▇▇▇▇▇▇ [503ms] - #1 Application Start
                                  ▇ [15ms] - #2 Load Plugin
                                  ▇ [20ms] - #3 Load Config
                                  ▇ [0ms] - #4 Require(0) config/config.default.js
                                  ▇ [0ms] - #5 Require(1) node_modules/egg-session/config/config.default.js
                                  ▇ [0ms] - #6 Require(2) node_modules/egg-security/config/config.default.js
                                  ▇ [0ms] - #7 Require(3) node_modules/egg-jsonp/config/config.default.js
                                  ▇ [0ms] - #8 Require(4) node_modules/egg-onerror/config/config.default.js
                                  ▇ [1ms] - #9 Require(5) node_modules/egg-i18n/config/config.default.js
                                  ▇ [1ms] - #10 Require(6) node_modules/egg-watcher/config/config.default.js
                                   ▇ [0ms] - #11 Require(7) node_modules/egg-schedule/config/config.default.js
                                   ▇ [0ms] - #12 Require(8) node_modules/egg-multipart/config/config.default.js
                                   ▇ [0ms] - #13 Require(9) node_modules/egg-development/config/config.default.js
                                   ▇ [1ms] - #14 Require(10) node_modules/egg-logrotator/config/config.default.js
                                   ▇ [0ms] - #15 Require(11) node_modules/egg-static/config/config.default.js
                                   ▇ [0ms] - #16 Require(12) node_modules/egg-view/config/config.default.js
                                   ▇ [0ms] - #17 Require(13) node_modules/egg-mysql/config/config.default.js
                                   ▇ [0ms] - #18 Require(14) node_modules/egg-cors/config/config.default.js
                                   ▇ [0ms] - #19 Require(15) node_modules/egg-jwt/config/config.default.js
                                   ▇ [0ms] - #20 Require(16) node_modules/egg/config/config.default.js
                                   ▇ [0ms] - #21 Require(17) config/config.default.js
                                   ▇ [0ms] - #22 Require(18) node_modules/egg-security/config/config.local.js
                                   ▇ [0ms] - #23 Require(19) node_modules/egg-watcher/config/config.local.js
                                   ▇ [0ms] - #24 Require(20) node_modules/egg-view/config/config.local.js
                                   ▇ [0ms] - #25 Require(21) node_modules/egg/config/config.local.js
                                   ▇ [59ms] - #26 Load extend/application.js
                                   ▇ [1ms] - #27 Require(22) node_modules/egg-session/app/extend/application.js
                                   ▇ [1ms] - #28 Require(23) node_modules/egg-security/app/extend/application.js
                                   ▇ [3ms] - #29 Require(24) node_modules/egg-jsonp/app/extend/application.js
                                   ▇ [4ms] - #30 Require(25) node_modules/egg-schedule/app/extend/application.js
                                   ▇ [1ms] - #31 Require(26) node_modules/egg-logrotator/app/extend/application.js
                                   ▇ [1ms] - #32 Require(27) node_modules/egg-view/app/extend/application.js
                                   ▇ [41ms] - #33 Require(28) node_modules/egg-jwt/app/extend/application.js
                                     ▇ [7ms] - #34 Load extend/request.js
                                     ▇ [1ms] - #35 Require(29) node_modules/egg/app/extend/request.js
                                     ▇ [9ms] - #36 Load extend/response.js
                                     ▇ [2ms] - #37 Require(30) node_modules/egg/app/extend/response.js
                                     ▇ [38ms] - #38 Load extend/context.js
                                     ▇ [9ms] - #39 Require(31) node_modules/egg-security/app/extend/context.js
                                      ▇ [2ms] - #40 Require(32) node_modules/egg-jsonp/app/extend/context.js
                                      ▇ [0ms] - #41 Require(33) node_modules/egg-i18n/app/extend/context.js
                                      ▇ [17ms] - #42 Require(34) node_modules/egg-multipart/app/extend/context.js
                                      ▇ [1ms] - #43 Require(35) node_modules/egg-view/app/extend/context.js
                                      ▇ [2ms] - #44 Require(36) node_modules/egg/app/extend/context.js
                                       ▇ [23ms] - #45 Load extend/helper.js
                                       ▇ [15ms] - #46 Require(37) node_modules/egg-security/app/extend/helper.js
                                       ▇ [1ms] - #47 Require(38) node_modules/egg/app/extend/helper.js
                                       ▇ [48ms] - #48 Load app.js
                                       ▇ [0ms] - #49 Require(39) node_modules/egg-session/app.js
                                       ▇ [1ms] - #50 Require(40) node_modules/egg-security/app.js
                                       ▇ [6ms] - #51 Require(41) node_modules/egg-onerror/app.js
                                        ▇ [12ms] - #52 Require(42) node_modules/egg-i18n/app.js
                                        ▇ [7ms] - #53 Require(43) node_modules/egg-watcher/app.js
                                        ▇ [0ms] - #54 Require(44) node_modules/egg-schedule/app.js
                                        ▇ [1ms] - #55 Require(45) node_modules/egg-multipart/app.js
                                        ▇ [1ms] - #56 Require(46) node_modules/egg-development/app.js
                                        ▇ [0ms] - #57 Require(47) node_modules/egg-logrotator/app.js
                                        ▇ [0ms] - #58 Require(48) node_modules/egg-static/app.js
                                        ▇ [9ms] - #59 Require(49) node_modules/egg-mysql/app.js
                                         ▇ [0ms] - #60 Require(50) node_modules/egg-cors/app.js
                                         ▇ [0ms] - #61 Require(51) node_modules/egg-jwt/app.js
                                         ▇ [1ms] - #62 Require(52) app.js
                                         ▇▇▇▇▇▇▇ [230ms] - #63 Before Start in node_modules/egg-watcher/lib/init.js:15:14
                                            ▇▇▇▇ [142ms] - #64 Before Start in node_modules/egg-mysql/lib/mysql.js:9:9
                                            ▇▇▇▇▇ [172ms] - #65 Before Start in app.js:2:7
                                            ▇ [9ms] - #66 Load Service
                                            ▇ [9ms] - #67 Load "service" to Context
                                            ▇▇ [93ms] - #68 Load Middleware
                                            ▇▇ [86ms] - #69 Load "middlewares" to Application
                                               ▇ [2ms] - #70 Load Controller
                                               ▇ [2ms] - #71 Load "controller" to Application
                                               ▇ [1ms] - #72 Load Router
                                               ▇ [0ms] - #73 Require(53) app/router.js
                                               ▇ [16ms] - #74 Before Start in node_modules/egg-core/lib/egg.js:328:10
2025-02-26 18:01:58,976 INFO 23024 [egg:core] dump config after ready, 5ms
